<?xml version="1.0" encoding="UTF-8"?>
<!-- Generated by org.testng.reporters.JUnitXMLReporter -->
<testsuite hostname="DESKTOP-10CTBKL" ignored="0" name="Default test" tests="2" failures="0" timestamp="18 Nov 2021 22:38:02 GMT" time="9.09" errors="0">
  <testcase name="verifyUserCanAbleToLogin" time="0.494" classname="com.testng.class01.SauceTestNGDemo"/>
  <testcase name="verifyUserCanNotAbleToLoginWithInvalidCridentials" time="0.313" classname="com.testng.class01.SauceTestNGDemo"/>
</testsuite> <!-- Default test -->
