<?xml version="1.0" encoding="UTF-8"?>
<!-- Generated by org.testng.reporters.JUnitXMLReporter -->
<testsuite hostname="DESKTOP-10CTBKL" ignored="2" name="All test" tests="1" failures="0" timestamp="20 Nov 2021 22:55:33 GMT" time="9.201" errors="0">
  <testcase name="verifyUserCanNotAbleToLoginWithInvalidCridentials" time="0.313" classname="com.testng.class01.SauceLoginTest"/>
  <testcase name="verifyUserCanNavigateToProductDetailPageFromHomePage" time="0.0" classname="com.testng.class01.SauceNavigationTest">
    <ignored/>
  </testcase> <!-- verifyUserCanNavigateToProductDetailPageFromHomePage -->
  <testcase name="verifyUserCanAbleToLogin" time="0.0" classname="com.testng.class01.SauceLoginTest">
    <ignored/>
  </testcase> <!-- verifyUserCanAbleToLogin -->
</testsuite> <!-- All test -->
