<?xml version="1.0" encoding="UTF-8"?>
<!-- Generated by org.testng.reporters.JUnitXMLReporter -->
<testsuite hostname="DESKTOP-10CTBKL" ignored="1" name="All test" tests="1" failures="0" timestamp="20 Nov 2021 22:36:35 GMT" time="6.32" errors="0">
  <testcase name="verifyUserCanAbleToLogin" time="0.483" classname="com.testng.class01.SauceLoginTest"/>
  <testcase name="verifyUserCanNotAbleToLoginWithInvalidCridentials" time="0.0" classname="com.testng.class01.SauceLoginTest">
    <ignored/>
  </testcase> <!-- verifyUserCanNotAbleToLoginWithInvalidCridentials -->
</testsuite> <!-- All test -->
