<?xml version="1.0" encoding="UTF-8"?>
<!-- Generated by org.testng.reporters.JUnitXMLReporter -->
<testsuite hostname="DESKTOP-10CTBKL" ignored="1" name="Selected Test" tests="2" failures="0" timestamp="04 Nov 2021 02:11:29 GMT" time="18.132" errors="0">
  <testcase name="verifyLoginCanBeDone" time="0.395" classname="com.testng.class02.SauceNavigationTest"/>
  <testcase name="verifyLoginCanBeDone" time="0.331" classname="com.testng.class02.sauceInvalidCrednt"/>
  <testcase name="verifyUserCanNavigateToProductDetailFromHomePage" time="0.0" classname="com.testng.class02.SauceNavigationTest">
    <ignored/>
  </testcase> <!-- verifyUserCanNavigateToProductDetailFromHomePage -->
</testsuite> <!-- Selected Test -->
